0 info it worked if it ends with ok
1 verbose cli [ '/usr/local/bin/node', '/usr/local/bin/npm', 'run', 'server' ]
2 info using npm@3.10.3
3 info using node@v6.3.1
4 verbose run-script [ 'preserver', 'server', 'postserver' ]
5 info lifecycle animal@1.0.0~preserver: animal@1.0.0
6 silly lifecycle animal@1.0.0~preserver: no script for preserver, continuing
7 info lifecycle animal@1.0.0~server: animal@1.0.0
8 verbose lifecycle animal@1.0.0~server: unsafe-perm in lifecycle true
9 verbose lifecycle animal@1.0.0~server: PATH: /usr/local/lib/node_modules/npm/bin/node-gyp-bin:/Users/zl_sam/Documents/reactWorkspace/animal/node_modules/.bin:/usr/local/bin:/Users/zl_sam/Documents/H5Game/cocos2d-x-3.13.1/templates:/Users/zl_sam/Documents/H5Game:/usr/local/ant/bin:/Users/zl_sam/Documents/H5Game/cocos2d-x-3.13.1/tools/cocos2d-console/bin:/usr/local/bin:/usr/bin:/bin:/usr/sbin:/sbin:/usr/local/git/bin:/Users/zl_sam/Documents/apache-maven-3.3.3/bin:/usr/local/ant/bin
10 verbose lifecycle animal@1.0.0~server: CWD: /Users/zl_sam/Documents/reactWorkspace/animal
11 silly lifecycle animal@1.0.0~server: Args: [ '-c', 'node server.js ' ]
12 silly lifecycle animal@1.0.0~server: Returned: code: 1  signal: null
13 info lifecycle animal@1.0.0~server: Failed to exec server script
14 verbose stack Error: animal@1.0.0 server: `node server.js `
14 verbose stack Exit status 1
14 verbose stack     at EventEmitter.<anonymous> (/usr/local/lib/node_modules/npm/lib/utils/lifecycle.js:242:16)
14 verbose stack     at emitTwo (events.js:106:13)
14 verbose stack     at EventEmitter.emit (events.js:191:7)
14 verbose stack     at ChildProcess.<anonymous> (/usr/local/lib/node_modules/npm/lib/utils/spawn.js:40:14)
14 verbose stack     at emitTwo (events.js:106:13)
14 verbose stack     at ChildProcess.emit (events.js:191:7)
14 verbose stack     at maybeClose (internal/child_process.js:852:16)
14 verbose stack     at Process.ChildProcess._handle.onexit (internal/child_process.js:215:5)
15 verbose pkgid animal@1.0.0
16 verbose cwd /Users/zl_sam/Documents/reactWorkspace/animal
17 error Darwin 16.3.0
18 error argv "/usr/local/bin/node" "/usr/local/bin/npm" "run" "server"
19 error node v6.3.1
20 error npm  v3.10.3
21 error code ELIFECYCLE
22 error animal@1.0.0 server: `node server.js `
22 error Exit status 1
23 error Failed at the animal@1.0.0 server script 'node server.js '.
23 error Make sure you have the latest version of node.js and npm installed.
23 error If you do, this is most likely a problem with the animal package,
23 error not with npm itself.
23 error Tell the author that this fails on your system:
23 error     node server.js
23 error You can get information on how to open an issue for this project with:
23 error     npm bugs animal
23 error Or if that isn't available, you can get their info via:
23 error     npm owner ls animal
23 error There is likely additional logging output above.
24 verbose exit [ 1, true ]
